mode: atomic
github.com/konstellation-io/kai/engine/admin-api/adapter/version/doc_generator.go:26.99,31.2 1 2
github.com/konstellation-io/kai/engine/admin-api/adapter/version/doc_generator.go:35.80,39.16 3 2
github.com/konstellation-io/kai/engine/admin-api/adapter/version/doc_generator.go:39.16,41.3 1 1
github.com/konstellation-io/kai/engine/admin-api/adapter/version/doc_generator.go:43.2,48.16 4 1
github.com/konstellation-io/kai/engine/admin-api/adapter/version/doc_generator.go:48.16,50.3 1 0
github.com/konstellation-io/kai/engine/admin-api/adapter/version/doc_generator.go:52.2,52.12 1 1
github.com/konstellation-io/kai/engine/admin-api/adapter/version/doc_generator.go:55.97,56.87 1 2
github.com/konstellation-io/kai/engine/admin-api/adapter/version/doc_generator.go:56.87,57.17 1 3
github.com/konstellation-io/kai/engine/admin-api/adapter/version/doc_generator.go:57.17,60.4 2 1
github.com/konstellation-io/kai/engine/admin-api/adapter/version/doc_generator.go:62.3,64.64 2 2
github.com/konstellation-io/kai/engine/admin-api/adapter/version/doc_generator.go:64.64,66.4 1 1
github.com/konstellation-io/kai/engine/admin-api/adapter/version/doc_generator.go:68.3,70.35 2 1
github.com/konstellation-io/kai/engine/admin-api/adapter/version/doc_generator.go:70.35,74.18 3 1
github.com/konstellation-io/kai/engine/admin-api/adapter/version/doc_generator.go:74.18,76.5 1 0
github.com/konstellation-io/kai/engine/admin-api/adapter/version/doc_generator.go:78.4,79.18 2 1
github.com/konstellation-io/kai/engine/admin-api/adapter/version/doc_generator.go:79.18,81.5 1 0
github.com/konstellation-io/kai/engine/admin-api/adapter/version/doc_generator.go:84.3,84.13 1 1
github.com/konstellation-io/kai/engine/admin-api/adapter/version/doc_generator.go:86.2,86.16 1 2
github.com/konstellation-io/kai/engine/admin-api/adapter/version/doc_generator.go:86.16,88.3 1 1
github.com/konstellation-io/kai/engine/admin-api/adapter/version/doc_generator.go:90.2,90.12 1 1
github.com/konstellation-io/kai/engine/admin-api/adapter/version/doc_generator.go:93.108,95.16 2 1
github.com/konstellation-io/kai/engine/admin-api/adapter/version/doc_generator.go:95.16,97.3 1 0
github.com/konstellation-io/kai/engine/admin-api/adapter/version/doc_generator.go:99.2,102.61 3 1
github.com/konstellation-io/kai/engine/admin-api/adapter/version/id_generator.go:15.35,17.2 1 0
github.com/konstellation-io/kai/engine/admin-api/adapter/version/id_generator.go:19.37,21.19 2 0
github.com/konstellation-io/kai/engine/admin-api/adapter/version/id_generator.go:21.19,23.17 2 0
github.com/konstellation-io/kai/engine/admin-api/adapter/version/id_generator.go:23.17,24.14 1 0
github.com/konstellation-io/kai/engine/admin-api/adapter/version/id_generator.go:27.3,27.35 1 0
github.com/konstellation-io/kai/engine/admin-api/adapter/version/id_generator.go:30.2,30.18 1 0
github.com/konstellation-io/kai/engine/admin-api/adapter/auth/casbin_access_control.go:19.25,23.2 1 5
github.com/konstellation-io/kai/engine/admin-api/adapter/auth/casbin_access_control.go:25.46,26.26 1 1
github.com/konstellation-io/kai/engine/admin-api/adapter/auth/casbin_access_control.go:26.26,28.3 1 1
github.com/konstellation-io/kai/engine/admin-api/adapter/auth/casbin_access_control.go:42.33,45.26 2 5
github.com/konstellation-io/kai/engine/admin-api/adapter/auth/casbin_access_control.go:45.26,47.3 1 1
github.com/konstellation-io/kai/engine/admin-api/adapter/auth/casbin_access_control.go:49.2,50.16 2 5
github.com/konstellation-io/kai/engine/admin-api/adapter/auth/casbin_access_control.go:50.16,52.3 1 1
github.com/konstellation-io/kai/engine/admin-api/adapter/auth/casbin_access_control.go:54.2,62.30 3 4
github.com/konstellation-io/kai/engine/admin-api/adapter/auth/casbin_access_control.go:65.52,68.2 2 4
github.com/konstellation-io/kai/engine/admin-api/adapter/auth/casbin_access_control.go:74.9,75.23 1 6
github.com/konstellation-io/kai/engine/admin-api/adapter/auth/casbin_access_control.go:75.23,77.3 1 1
github.com/konstellation-io/kai/engine/admin-api/adapter/auth/casbin_access_control.go:79.2,79.39 1 5
github.com/konstellation-io/kai/engine/admin-api/adapter/auth/casbin_access_control.go:79.39,81.17 2 5
github.com/konstellation-io/kai/engine/admin-api/adapter/auth/casbin_access_control.go:81.17,84.4 2 0
github.com/konstellation-io/kai/engine/admin-api/adapter/auth/casbin_access_control.go:86.3,91.14 2 5
github.com/konstellation-io/kai/engine/admin-api/adapter/auth/casbin_access_control.go:91.14,93.4 1 2
github.com/konstellation-io/kai/engine/admin-api/adapter/auth/casbin_access_control.go:96.2,96.25 1 3
github.com/konstellation-io/kai/engine/admin-api/adapter/auth/casbin_access_control.go:102.9,104.38 2 0
github.com/konstellation-io/kai/engine/admin-api/adapter/auth/casbin_access_control.go:104.38,106.3 1 0
github.com/konstellation-io/kai/engine/admin-api/adapter/auth/casbin_access_control.go:106.8,106.23 1 0
github.com/konstellation-io/kai/engine/admin-api/adapter/auth/casbin_access_control.go:106.23,108.3 1 0
github.com/konstellation-io/kai/engine/admin-api/adapter/auth/casbin_access_control.go:110.2,110.12 1 0
github.com/konstellation-io/kai/engine/admin-api/adapter/auth/casbin_access_control.go:117.9,119.38 2 6
github.com/konstellation-io/kai/engine/admin-api/adapter/auth/casbin_access_control.go:119.38,121.3 1 3
github.com/konstellation-io/kai/engine/admin-api/adapter/auth/casbin_access_control.go:121.8,121.23 1 3
github.com/konstellation-io/kai/engine/admin-api/adapter/auth/casbin_access_control.go:121.23,123.3 1 1
github.com/konstellation-io/kai/engine/admin-api/adapter/auth/casbin_access_control.go:125.2,125.12 1 2
github.com/konstellation-io/kai/engine/admin-api/adapter/auth/casbin_access_control.go:132.8,134.9 2 4
github.com/konstellation-io/kai/engine/admin-api/adapter/auth/casbin_access_control.go:134.9,136.3 1 2
github.com/konstellation-io/kai/engine/admin-api/adapter/auth/casbin_access_control.go:138.2,138.34 1 2
github.com/konstellation-io/kai/engine/admin-api/adapter/auth/casbin_access_control.go:138.34,139.19 1 2
github.com/konstellation-io/kai/engine/admin-api/adapter/auth/casbin_access_control.go:139.19,141.4 1 1
github.com/konstellation-io/kai/engine/admin-api/adapter/auth/casbin_access_control.go:144.2,144.14 1 1
github.com/konstellation-io/kai/engine/admin-api/adapter/auth/casbin_access_control.go:147.63,148.34 1 4
github.com/konstellation-io/kai/engine/admin-api/adapter/auth/casbin_access_control.go:148.34,149.30 1 6
github.com/konstellation-io/kai/engine/admin-api/adapter/auth/casbin_access_control.go:149.30,151.4 1 2
github.com/konstellation-io/kai/engine/admin-api/adapter/auth/casbin_access_control.go:154.2,154.14 1 2
github.com/konstellation-io/kai/engine/admin-api/adapter/auth/casbin_access_control.go:157.98,158.20 1 4
github.com/konstellation-io/kai/engine/admin-api/adapter/auth/casbin_access_control.go:158.20,160.3 1 0
github.com/konstellation-io/kai/engine/admin-api/adapter/auth/casbin_access_control.go:162.2,166.59 4 4
github.com/konstellation-io/kai/engine/admin-api/adapter/auth/casbin_access_control.go:169.85,170.20 1 75
github.com/konstellation-io/kai/engine/admin-api/adapter/auth/casbin_access_control.go:170.20,172.3 1 0
github.com/konstellation-io/kai/engine/admin-api/adapter/auth/casbin_access_control.go:174.2,176.37 2 75
github.com/konstellation-io/kai/engine/admin-api/adapter/auth/errors.go:14.42,16.2 1 0
github.com/konstellation-io/kai/engine/admin-api/adapter/auth/errors.go:18.65,20.2 1 3
github.com/konstellation-io/kai/engine/admin-api/delivery/http/token/parser.go:18.26,22.2 1 3
github.com/konstellation-io/kai/engine/admin-api/delivery/http/token/parser.go:24.68,28.16 3 3
github.com/konstellation-io/kai/engine/admin-api/delivery/http/token/parser.go:28.16,30.3 1 1
github.com/konstellation-io/kai/engine/admin-api/delivery/http/token/parser.go:32.2,36.8 1 2
github.com/konstellation-io/kai/engine/admin-api/delivery/http/server.go:29.8,44.27 7 1
github.com/konstellation-io/kai/engine/admin-api/delivery/http/server.go:44.27,48.3 1 0
github.com/konstellation-io/kai/engine/admin-api/delivery/http/server.go:50.2,70.3 13 1
github.com/konstellation-io/kai/engine/admin-api/delivery/http/server.go:74.23,77.2 2 1
github.com/konstellation-io/kai/engine/admin-api/delivery/http/validator.go:9.58,11.2 1 0
github.com/konstellation-io/kai/engine/admin-api/delivery/http/validator.go:13.44,15.2 1 1
github.com/konstellation-io/kai/engine/admin-api/domain/usecase/krt/validator/errors.go:14.55,18.2 1 4
github.com/konstellation-io/kai/engine/admin-api/domain/usecase/krt/validator/errors.go:20.46,22.27 2 4
github.com/konstellation-io/kai/engine/admin-api/domain/usecase/krt/validator/errors.go:22.27,24.3 1 4
github.com/konstellation-io/kai/engine/admin-api/domain/usecase/krt/validator/errors.go:26.2,26.17 1 4
github.com/konstellation-io/kai/engine/admin-api/domain/usecase/krt/validator/errors.go:29.41,31.2 1 4
github.com/konstellation-io/kai/engine/admin-api/domain/usecase/krt/validator/fields_validator.go:22.19,27.90 3 1
github.com/konstellation-io/kai/engine/admin-api/domain/usecase/krt/validator/fields_validator.go:27.90,29.3 1 24
github.com/konstellation-io/kai/engine/admin-api/domain/usecase/krt/validator/fields_validator.go:32.2,33.80 2 1
github.com/konstellation-io/kai/engine/admin-api/domain/usecase/krt/validator/fields_validator.go:33.80,35.3 1 8
github.com/konstellation-io/kai/engine/admin-api/domain/usecase/krt/validator/fields_validator.go:37.2,37.88 1 1
github.com/konstellation-io/kai/engine/admin-api/domain/usecase/krt/validator/fields_validator.go:37.88,40.3 2 8
github.com/konstellation-io/kai/engine/admin-api/domain/usecase/krt/validator/fields_validator.go:51.52,57.2 2 1
github.com/konstellation-io/kai/engine/admin-api/domain/usecase/krt/validator/fields_validator.go:59.61,62.2 2 8
github.com/konstellation-io/kai/engine/admin-api/domain/usecase/krt/validator/fields_validator.go:65.67,66.16 1 8
github.com/konstellation-io/kai/engine/admin-api/domain/usecase/krt/validator/fields_validator.go:66.16,68.3 1 1
github.com/konstellation-io/kai/engine/admin-api/domain/usecase/krt/validator/fields_validator.go:70.2,70.54 1 7
github.com/konstellation-io/kai/engine/admin-api/domain/usecase/krt/validator/fields_validator.go:70.54,75.26 3 7
github.com/konstellation-io/kai/engine/admin-api/domain/usecase/krt/validator/fields_validator.go:75.26,78.19 2 7
github.com/konstellation-io/kai/engine/admin-api/domain/usecase/krt/validator/fields_validator.go:79.20,80.92 1 3
github.com/konstellation-io/kai/engine/admin-api/domain/usecase/krt/validator/fields_validator.go:81.14,83.49 1 1
github.com/konstellation-io/kai/engine/admin-api/domain/usecase/krt/validator/fields_validator.go:84.15,86.72 1 0
github.com/konstellation-io/kai/engine/admin-api/domain/usecase/krt/validator/fields_validator.go:87.14,89.50 1 0
github.com/konstellation-io/kai/engine/admin-api/domain/usecase/krt/validator/fields_validator.go:90.15,92.56 1 0
github.com/konstellation-io/kai/engine/admin-api/domain/usecase/krt/validator/fields_validator.go:93.25,95.25 2 0
github.com/konstellation-io/kai/engine/admin-api/domain/usecase/krt/validator/fields_validator.go:96.20,98.50 1 1
github.com/konstellation-io/kai/engine/admin-api/domain/usecase/krt/validator/fields_validator.go:99.15,101.78 1 1
github.com/konstellation-io/kai/engine/admin-api/domain/usecase/krt/validator/fields_validator.go:102.23,104.45 1 1
github.com/konstellation-io/kai/engine/admin-api/domain/usecase/krt/validator/fields_validator.go:105.12,106.63 1 0
github.com/konstellation-io/kai/engine/admin-api/domain/usecase/krt/validator/fields_validator.go:110.3,110.20 1 7
github.com/konstellation-io/kai/engine/admin-api/domain/usecase/krt/validator/fields_validator.go:110.20,113.4 1 0
github.com/konstellation-io/kai/engine/admin-api/domain/usecase/krt/validator/fields_validator.go:115.3,115.23 1 7
github.com/konstellation-io/kai/engine/admin-api/domain/usecase/krt/validator/fields_validator.go:118.2,118.86 1 0
github.com/konstellation-io/kai/engine/admin-api/domain/usecase/krt/validator/fields_validator.go:121.64,124.45 2 0
github.com/konstellation-io/kai/engine/admin-api/domain/usecase/krt/validator/fields_validator.go:124.45,125.39 1 0
github.com/konstellation-io/kai/engine/admin-api/domain/usecase/krt/validator/fields_validator.go:125.39,127.29 2 0
github.com/konstellation-io/kai/engine/admin-api/domain/usecase/krt/validator/fields_validator.go:127.29,130.5 1 0
github.com/konstellation-io/kai/engine/admin-api/domain/usecase/krt/validator/fields_validator.go:134.2,134.13 1 0
github.com/konstellation-io/kai/engine/admin-api/domain/usecase/krt/validator/fields_validator.go:137.39,139.24 2 0
github.com/konstellation-io/kai/engine/admin-api/domain/usecase/krt/validator/fields_validator.go:139.24,141.3 1 0
github.com/konstellation-io/kai/engine/admin-api/domain/usecase/krt/validator/fields_validator.go:143.2,143.22 1 0
github.com/konstellation-io/kai/engine/admin-api/domain/usecase/krt/validator/validator.go:21.88,26.2 1 1
github.com/konstellation-io/kai/engine/admin-api/domain/usecase/krt/validator/validator.go:28.52,35.34 4 5
github.com/konstellation-io/kai/engine/admin-api/domain/usecase/krt/validator/validator.go:35.34,37.3 1 0
github.com/konstellation-io/kai/engine/admin-api/domain/usecase/krt/validator/validator.go:39.2,41.37 2 5
github.com/konstellation-io/kai/engine/admin-api/domain/usecase/krt/validator/validator.go:41.37,43.3 1 4
github.com/konstellation-io/kai/engine/admin-api/domain/usecase/krt/validator/validator.go:45.2,45.17 1 5
github.com/konstellation-io/kai/engine/admin-api/domain/usecase/krt/validator/validator.go:45.17,47.3 1 4
github.com/konstellation-io/kai/engine/admin-api/domain/usecase/krt/validator/validator.go:49.2,49.12 1 1
github.com/konstellation-io/kai/engine/admin-api/domain/usecase/krt/validator/validator.go:52.87,55.37 2 5
github.com/konstellation-io/kai/engine/admin-api/domain/usecase/krt/validator/validator.go:55.37,57.39 2 5
github.com/konstellation-io/kai/engine/admin-api/domain/usecase/krt/validator/validator.go:57.39,60.28 2 6
github.com/konstellation-io/kai/engine/admin-api/domain/usecase/krt/validator/validator.go:60.28,62.5 1 1
github.com/konstellation-io/kai/engine/admin-api/domain/usecase/krt/validator/validator.go:64.4,66.35 2 6
github.com/konstellation-io/kai/engine/admin-api/domain/usecase/krt/validator/validator.go:66.35,69.5 1 1
github.com/konstellation-io/kai/engine/admin-api/domain/usecase/krt/validator/validator.go:72.3,73.28 2 5
github.com/konstellation-io/kai/engine/admin-api/domain/usecase/krt/validator/validator.go:73.28,75.4 1 2
github.com/konstellation-io/kai/engine/admin-api/domain/usecase/krt/validator/validator.go:78.2,78.25 1 5
github.com/konstellation-io/kai/engine/admin-api/domain/usecase/krt/validator/validator.go:81.94,82.30 1 5
github.com/konstellation-io/kai/engine/admin-api/domain/usecase/krt/validator/validator.go:82.30,85.3 1 1
github.com/konstellation-io/kai/engine/admin-api/domain/usecase/krt/validator/validator.go:85.8,85.54 1 4
github.com/konstellation-io/kai/engine/admin-api/domain/usecase/krt/validator/validator.go:85.54,88.3 1 1
github.com/konstellation-io/kai/engine/admin-api/domain/usecase/krt/validator/validator.go:90.2,90.12 1 3
github.com/konstellation-io/kai/engine/admin-api/domain/usecase/krt/validator/validator.go:93.65,96.2 2 4
github.com/konstellation-io/kai/engine/admin-api/domain/usecase/metrics.go:35.22,42.2 1 6
github.com/konstellation-io/kai/engine/admin-api/domain/usecase/metrics.go:51.28,52.97 1 0
github.com/konstellation-io/kai/engine/admin-api/domain/usecase/metrics.go:52.97,54.3 1 0
github.com/konstellation-io/kai/engine/admin-api/domain/usecase/metrics.go:56.2,59.16 3 0
github.com/konstellation-io/kai/engine/admin-api/domain/usecase/metrics.go:59.16,61.3 1 0
github.com/konstellation-io/kai/engine/admin-api/domain/usecase/metrics.go:63.2,64.16 2 0
github.com/konstellation-io/kai/engine/admin-api/domain/usecase/metrics.go:64.16,66.3 1 0
github.com/konstellation-io/kai/engine/admin-api/domain/usecase/metrics.go:68.2,69.16 2 0
github.com/konstellation-io/kai/engine/admin-api/domain/usecase/metrics.go:69.16,71.3 1 0
github.com/konstellation-io/kai/engine/admin-api/domain/usecase/metrics.go:73.2,73.23 1 0
github.com/konstellation-io/kai/engine/admin-api/domain/usecase/metrics.go:73.23,75.3 1 0
github.com/konstellation-io/kai/engine/admin-api/domain/usecase/metrics.go:77.2,77.44 1 0
github.com/konstellation-io/kai/engine/admin-api/domain/usecase/metrics.go:81.118,93.28 11 1
github.com/konstellation-io/kai/engine/admin-api/domain/usecase/metrics.go:93.28,94.37 1 6
github.com/konstellation-io/kai/engine/admin-api/domain/usecase/metrics.go:94.37,96.4 1 1
github.com/konstellation-io/kai/engine/admin-api/domain/usecase/metrics.go:96.9,96.48 1 5
github.com/konstellation-io/kai/engine/admin-api/domain/usecase/metrics.go:96.48,98.4 1 1
github.com/konstellation-io/kai/engine/admin-api/domain/usecase/metrics.go:98.9,98.27 1 4
github.com/konstellation-io/kai/engine/admin-api/domain/usecase/metrics.go:98.27,100.4 1 0
github.com/konstellation-io/kai/engine/admin-api/domain/usecase/metrics.go:100.9,106.39 4 4
github.com/konstellation-io/kai/engine/admin-api/domain/usecase/metrics.go:106.39,109.5 2 2
github.com/konstellation-io/kai/engine/admin-api/domain/usecase/metrics.go:111.4,113.37 2 4
github.com/konstellation-io/kai/engine/admin-api/domain/usecase/metrics.go:113.37,115.5 1 2
github.com/konstellation-io/kai/engine/admin-api/domain/usecase/metrics.go:117.4,117.49 1 4
github.com/konstellation-io/kai/engine/admin-api/domain/usecase/metrics.go:121.2,121.24 1 1
github.com/konstellation-io/kai/engine/admin-api/domain/usecase/metrics.go:121.24,123.3 1 0
github.com/konstellation-io/kai/engine/admin-api/domain/usecase/metrics.go:125.2,126.28 2 1
github.com/konstellation-io/kai/engine/admin-api/domain/usecase/metrics.go:126.28,128.3 1 2
github.com/konstellation-io/kai/engine/admin-api/domain/usecase/metrics.go:130.2,134.44 3 1
github.com/konstellation-io/kai/engine/admin-api/domain/usecase/metrics.go:134.44,135.46 1 2
github.com/konstellation-io/kai/engine/admin-api/domain/usecase/metrics.go:135.46,137.36 2 4
github.com/konstellation-io/kai/engine/admin-api/domain/usecase/metrics.go:137.36,139.5 1 4
github.com/konstellation-io/kai/engine/admin-api/domain/usecase/metrics.go:141.4,147.35 2 4
github.com/konstellation-io/kai/engine/admin-api/domain/usecase/metrics.go:147.35,149.5 1 2
github.com/konstellation-io/kai/engine/admin-api/domain/usecase/metrics.go:153.2,156.36 3 1
github.com/konstellation-io/kai/engine/admin-api/domain/usecase/metrics.go:156.36,157.27 1 2
github.com/konstellation-io/kai/engine/admin-api/domain/usecase/metrics.go:157.27,159.12 2 0
github.com/konstellation-io/kai/engine/admin-api/domain/usecase/metrics.go:162.3,163.38 2 2
github.com/konstellation-io/kai/engine/admin-api/domain/usecase/metrics.go:168.2,176.36 5 1
github.com/konstellation-io/kai/engine/admin-api/domain/usecase/metrics.go:176.36,178.3 1 2
github.com/konstellation-io/kai/engine/admin-api/domain/usecase/metrics.go:180.2,183.36 3 1
github.com/konstellation-io/kai/engine/admin-api/domain/usecase/metrics.go:183.36,188.3 1 2
github.com/konstellation-io/kai/engine/admin-api/domain/usecase/metrics.go:191.2,192.36 2 1
github.com/konstellation-io/kai/engine/admin-api/domain/usecase/metrics.go:192.36,197.3 1 2
github.com/konstellation-io/kai/engine/admin-api/domain/usecase/metrics.go:200.2,201.36 2 1
github.com/konstellation-io/kai/engine/admin-api/domain/usecase/metrics.go:201.36,206.3 1 2
github.com/konstellation-io/kai/engine/admin-api/domain/usecase/metrics.go:208.2,209.16 2 1
github.com/konstellation-io/kai/engine/admin-api/domain/usecase/metrics.go:209.16,211.3 1 0
github.com/konstellation-io/kai/engine/admin-api/domain/usecase/metrics.go:213.2,231.8 1 1
github.com/konstellation-io/kai/engine/admin-api/domain/usecase/metrics.go:234.126,240.28 4 6
github.com/konstellation-io/kai/engine/admin-api/domain/usecase/metrics.go:240.28,241.27 1 23
github.com/konstellation-io/kai/engine/admin-api/domain/usecase/metrics.go:241.27,243.4 1 1
github.com/konstellation-io/kai/engine/admin-api/domain/usecase/metrics.go:245.3,245.26 1 23
github.com/konstellation-io/kai/engine/admin-api/domain/usecase/metrics.go:245.26,247.4 1 12
github.com/konstellation-io/kai/engine/admin-api/domain/usecase/metrics.go:250.2,251.16 2 6
github.com/konstellation-io/kai/engine/admin-api/domain/usecase/metrics.go:251.16,253.3 1 0
github.com/konstellation-io/kai/engine/admin-api/domain/usecase/metrics.go:255.2,256.16 2 6
github.com/konstellation-io/kai/engine/admin-api/domain/usecase/metrics.go:256.16,258.3 1 0
github.com/konstellation-io/kai/engine/admin-api/domain/usecase/metrics.go:260.2,266.9 4 6
github.com/konstellation-io/kai/engine/admin-api/domain/usecase/metrics.go:267.24,269.43 2 5
github.com/konstellation-io/kai/engine/admin-api/domain/usecase/metrics.go:270.10,272.33 2 1
github.com/konstellation-io/kai/engine/admin-api/domain/usecase/metrics.go:275.2,280.28 4 6
github.com/konstellation-io/kai/engine/admin-api/domain/usecase/metrics.go:280.28,281.20 1 23
github.com/konstellation-io/kai/engine/admin-api/domain/usecase/metrics.go:281.20,282.12 1 2
github.com/konstellation-io/kai/engine/admin-api/domain/usecase/metrics.go:285.3,286.17 2 21
github.com/konstellation-io/kai/engine/admin-api/domain/usecase/metrics.go:286.17,288.12 2 0
github.com/konstellation-io/kai/engine/admin-api/domain/usecase/metrics.go:291.3,294.26 3 21
github.com/konstellation-io/kai/engine/admin-api/domain/usecase/metrics.go:294.26,296.4 1 14
github.com/konstellation-io/kai/engine/admin-api/domain/usecase/metrics.go:299.2,299.33 1 6
github.com/konstellation-io/kai/engine/admin-api/domain/usecase/metrics.go:299.33,303.37 3 29
github.com/konstellation-io/kai/engine/admin-api/domain/usecase/metrics.go:303.37,306.25 2 15
github.com/konstellation-io/kai/engine/admin-api/domain/usecase/metrics.go:306.25,307.40 1 21
github.com/konstellation-io/kai/engine/admin-api/domain/usecase/metrics.go:307.40,309.6 1 10
github.com/konstellation-io/kai/engine/admin-api/domain/usecase/metrics.go:312.4,313.34 2 15
github.com/konstellation-io/kai/engine/admin-api/domain/usecase/metrics.go:316.3,319.5 1 29
github.com/konstellation-io/kai/engine/admin-api/domain/usecase/metrics.go:322.2,322.20 1 6
github.com/konstellation-io/kai/engine/admin-api/domain/usecase/metrics.go:325.84,327.14 2 12
github.com/konstellation-io/kai/engine/admin-api/domain/usecase/metrics.go:327.14,329.3 1 0
github.com/konstellation-io/kai/engine/admin-api/domain/usecase/metrics.go:331.2,333.15 2 12
github.com/konstellation-io/kai/engine/admin-api/domain/usecase/product_interactor.go:47.73,59.2 1 10
github.com/konstellation-io/kai/engine/admin-api/domain/usecase/product_interactor.go:68.28,69.99 1 6
github.com/konstellation-io/kai/engine/admin-api/domain/usecase/product_interactor.go:69.99,71.3 1 1
github.com/konstellation-io/kai/engine/admin-api/domain/usecase/product_interactor.go:74.2,87.16 6 5
github.com/konstellation-io/kai/engine/admin-api/domain/usecase/product_interactor.go:87.16,89.3 1 1
github.com/konstellation-io/kai/engine/admin-api/domain/usecase/product_interactor.go:92.2,93.26 2 4
github.com/konstellation-io/kai/engine/admin-api/domain/usecase/product_interactor.go:93.26,95.3 1 1
github.com/konstellation-io/kai/engine/admin-api/domain/usecase/product_interactor.go:95.8,95.48 1 3
github.com/konstellation-io/kai/engine/admin-api/domain/usecase/product_interactor.go:95.48,97.3 1 0
github.com/konstellation-io/kai/engine/admin-api/domain/usecase/product_interactor.go:100.2,101.26 2 3
github.com/konstellation-io/kai/engine/admin-api/domain/usecase/product_interactor.go:101.26,103.3 1 1
github.com/konstellation-io/kai/engine/admin-api/domain/usecase/product_interactor.go:103.8,103.48 1 2
github.com/konstellation-io/kai/engine/admin-api/domain/usecase/product_interactor.go:103.48,105.3 1 0
github.com/konstellation-io/kai/engine/admin-api/domain/usecase/product_interactor.go:107.2,108.16 2 2
github.com/konstellation-io/kai/engine/admin-api/domain/usecase/product_interactor.go:108.16,110.3 1 1
github.com/konstellation-io/kai/engine/admin-api/domain/usecase/product_interactor.go:112.2,115.16 3 1
github.com/konstellation-io/kai/engine/admin-api/domain/usecase/product_interactor.go:115.16,117.3 1 0
github.com/konstellation-io/kai/engine/admin-api/domain/usecase/product_interactor.go:119.2,122.16 3 1
github.com/konstellation-io/kai/engine/admin-api/domain/usecase/product_interactor.go:122.16,124.3 1 0
github.com/konstellation-io/kai/engine/admin-api/domain/usecase/product_interactor.go:126.2,126.28 1 1
github.com/konstellation-io/kai/engine/admin-api/domain/usecase/product_interactor.go:129.96,131.16 2 1
github.com/konstellation-io/kai/engine/admin-api/domain/usecase/product_interactor.go:131.16,133.3 1 0
github.com/konstellation-io/kai/engine/admin-api/domain/usecase/product_interactor.go:135.2,136.16 2 1
github.com/konstellation-io/kai/engine/admin-api/domain/usecase/product_interactor.go:136.16,138.3 1 0
github.com/konstellation-io/kai/engine/admin-api/domain/usecase/product_interactor.go:140.2,140.52 1 1
github.com/konstellation-io/kai/engine/admin-api/domain/usecase/product_interactor.go:144.116,145.97 1 1
github.com/konstellation-io/kai/engine/admin-api/domain/usecase/product_interactor.go:145.97,147.3 1 0
github.com/konstellation-io/kai/engine/admin-api/domain/usecase/product_interactor.go:149.2,149.31 1 1
github.com/konstellation-io/kai/engine/admin-api/domain/usecase/product_interactor.go:153.120,154.97 1 1
github.com/konstellation-io/kai/engine/admin-api/domain/usecase/product_interactor.go:154.97,156.3 1 0
github.com/konstellation-io/kai/engine/admin-api/domain/usecase/product_interactor.go:158.2,158.46 1 1
github.com/konstellation-io/kai/engine/admin-api/domain/usecase/product_interactor.go:162.104,163.35 1 2
github.com/konstellation-io/kai/engine/admin-api/domain/usecase/product_interactor.go:163.35,165.3 1 1
github.com/konstellation-io/kai/engine/admin-api/domain/usecase/product_interactor.go:167.2,169.39 2 1
github.com/konstellation-io/kai/engine/admin-api/domain/usecase/product_interactor.go:169.39,170.93 1 1
github.com/konstellation-io/kai/engine/admin-api/domain/usecase/product_interactor.go:170.93,172.4 1 1
github.com/konstellation-io/kai/engine/admin-api/domain/usecase/product_interactor.go:175.2,175.54 1 1
github.com/konstellation-io/kai/engine/admin-api/domain/usecase/user.go:33.19,40.2 1 1
github.com/konstellation-io/kai/engine/admin-api/domain/usecase/user.go:48.9,50.90 2 5
github.com/konstellation-io/kai/engine/admin-api/domain/usecase/user.go:50.90,52.3 1 1
github.com/konstellation-io/kai/engine/admin-api/domain/usecase/user.go:54.2,55.16 2 4
github.com/konstellation-io/kai/engine/admin-api/domain/usecase/user.go:55.16,57.3 1 1
github.com/konstellation-io/kai/engine/admin-api/domain/usecase/user.go:59.2,60.22 2 3
github.com/konstellation-io/kai/engine/admin-api/domain/usecase/user.go:60.22,62.3 1 1
github.com/konstellation-io/kai/engine/admin-api/domain/usecase/user.go:64.2,71.16 2 3
github.com/konstellation-io/kai/engine/admin-api/domain/usecase/user.go:71.16,73.3 1 1
github.com/konstellation-io/kai/engine/admin-api/domain/usecase/user.go:75.2,77.12 2 2
github.com/konstellation-io/kai/engine/admin-api/domain/usecase/user.go:85.9,88.90 2 5
github.com/konstellation-io/kai/engine/admin-api/domain/usecase/user.go:88.90,90.3 1 1
github.com/konstellation-io/kai/engine/admin-api/domain/usecase/user.go:92.2,93.16 2 4
github.com/konstellation-io/kai/engine/admin-api/domain/usecase/user.go:93.16,95.3 1 1
github.com/konstellation-io/kai/engine/admin-api/domain/usecase/user.go:97.2,98.22 2 3
github.com/konstellation-io/kai/engine/admin-api/domain/usecase/user.go:98.22,100.3 1 1
github.com/konstellation-io/kai/engine/admin-api/domain/usecase/user.go:102.2,109.16 2 3
github.com/konstellation-io/kai/engine/admin-api/domain/usecase/user.go:109.16,111.3 1 1
github.com/konstellation-io/kai/engine/admin-api/domain/usecase/user.go:113.2,115.12 2 2
github.com/konstellation-io/kai/engine/admin-api/domain/usecase/user_activity.go:43.26,49.2 1 11
github.com/konstellation-io/kai/engine/admin-api/domain/usecase/user_activity.go:61.35,62.91 1 0
github.com/konstellation-io/kai/engine/admin-api/domain/usecase/user_activity.go:62.91,64.3 1 0
github.com/konstellation-io/kai/engine/admin-api/domain/usecase/user_activity.go:66.2,66.92 1 0
github.com/konstellation-io/kai/engine/admin-api/domain/usecase/user_activity.go:74.9,84.2 2 1
github.com/konstellation-io/kai/engine/admin-api/domain/usecase/user_activity.go:86.69,87.16 1 1
github.com/konstellation-io/kai/engine/admin-api/domain/usecase/user_activity.go:87.16,92.3 3 0
github.com/konstellation-io/kai/engine/admin-api/domain/usecase/user_activity.go:94.2,94.12 1 1
github.com/konstellation-io/kai/engine/admin-api/domain/usecase/user_activity.go:100.9,116.2 2 0
github.com/konstellation-io/kai/engine/admin-api/domain/usecase/user_activity.go:122.9,133.2 2 1
github.com/konstellation-io/kai/engine/admin-api/domain/usecase/user_activity.go:140.9,152.2 2 0
github.com/konstellation-io/kai/engine/admin-api/domain/usecase/user_activity.go:159.9,171.2 2 0
github.com/konstellation-io/kai/engine/admin-api/domain/usecase/user_activity.go:177.9,191.2 2 0
github.com/konstellation-io/kai/engine/admin-api/domain/usecase/user_activity.go:198.9,210.2 2 0
github.com/konstellation-io/kai/engine/admin-api/domain/usecase/user_activity.go:218.9,230.2 2 0
github.com/konstellation-io/kai/engine/admin-api/domain/usecase/version_config.go:10.104,12.25 2 0
github.com/konstellation-io/kai/engine/admin-api/domain/usecase/version_config.go:12.25,14.3 1 0
github.com/konstellation-io/kai/engine/admin-api/domain/usecase/version_config.go:16.2,16.18 1 0
github.com/konstellation-io/kai/engine/admin-api/domain/usecase/version_config.go:19.111,21.30 2 0
github.com/konstellation-io/kai/engine/admin-api/domain/usecase/version_config.go:21.30,23.10 2 0
github.com/konstellation-io/kai/engine/admin-api/domain/usecase/version_config.go:23.10,25.4 1 0
github.com/konstellation-io/kai/engine/admin-api/domain/usecase/version_config.go:28.2,28.12 1 0
github.com/konstellation-io/kai/engine/admin-api/domain/usecase/version_config.go:31.122,37.36 4 0
github.com/konstellation-io/kai/engine/admin-api/domain/usecase/version_config.go:37.36,43.54 2 0
github.com/konstellation-io/kai/engine/admin-api/domain/usecase/version_config.go:43.54,45.4 1 0
github.com/konstellation-io/kai/engine/admin-api/domain/usecase/version_config.go:45.9,47.4 1 0
github.com/konstellation-io/kai/engine/admin-api/domain/usecase/version_config.go:49.3,49.31 1 0
github.com/konstellation-io/kai/engine/admin-api/domain/usecase/version_config.go:49.31,51.4 1 0
github.com/konstellation-io/kai/engine/admin-api/domain/usecase/version_config.go:54.2,54.30 1 0
github.com/konstellation-io/kai/engine/admin-api/domain/usecase/version_config.go:57.69,58.24 1 1
github.com/konstellation-io/kai/engine/admin-api/domain/usecase/version_config.go:58.24,60.3 1 0
github.com/konstellation-io/kai/engine/admin-api/domain/usecase/version_config.go:63.2,63.43 1 1
github.com/konstellation-io/kai/engine/admin-api/domain/usecase/version_config.go:63.43,65.3 1 0
github.com/konstellation-io/kai/engine/admin-api/domain/usecase/version_config.go:67.2,69.29 2 1
github.com/konstellation-io/kai/engine/admin-api/domain/usecase/version_config.go:69.29,70.35 1 1
github.com/konstellation-io/kai/engine/admin-api/domain/usecase/version_config.go:70.35,71.21 1 0
github.com/konstellation-io/kai/engine/admin-api/domain/usecase/version_config.go:71.21,73.5 1 0
github.com/konstellation-io/kai/engine/admin-api/domain/usecase/version_config.go:77.2,77.22 1 1
github.com/konstellation-io/kai/engine/admin-api/domain/usecase/version_config.go:80.105,86.42 2 1
github.com/konstellation-io/kai/engine/admin-api/domain/usecase/version_config.go:86.42,88.3 1 0
github.com/konstellation-io/kai/engine/admin-api/domain/usecase/version_config.go:90.2,90.46 1 1
github.com/konstellation-io/kai/engine/admin-api/domain/usecase/version_config.go:90.46,92.3 1 0
github.com/konstellation-io/kai/engine/admin-api/domain/usecase/version_config.go:94.2,94.13 1 1
github.com/konstellation-io/kai/engine/admin-api/domain/usecase/version_config.go:98.56,100.47 2 0
github.com/konstellation-io/kai/engine/admin-api/domain/usecase/version_config.go:100.47,102.3 1 0
github.com/konstellation-io/kai/engine/admin-api/domain/usecase/version_config.go:102.8,104.3 1 0
github.com/konstellation-io/kai/engine/admin-api/domain/usecase/version_config.go:106.2,110.4 1 0
github.com/konstellation-io/kai/engine/admin-api/domain/usecase/version_dashboards .go:10.119,16.16 4 3
github.com/konstellation-io/kai/engine/admin-api/domain/usecase/version_dashboards .go:16.16,18.3 1 1
github.com/konstellation-io/kai/engine/admin-api/domain/usecase/version_dashboards .go:20.2,20.30 1 3
github.com/konstellation-io/kai/engine/admin-api/domain/usecase/version_dashboards .go:20.30,24.17 3 2
github.com/konstellation-io/kai/engine/admin-api/domain/usecase/version_dashboards .go:24.17,26.12 2 0
github.com/konstellation-io/kai/engine/admin-api/domain/usecase/version_dashboards .go:30.2,30.15 1 3
github.com/konstellation-io/kai/engine/admin-api/domain/usecase/version_interactor.go:76.22,91.2 1 3
github.com/konstellation-io/kai/engine/admin-api/domain/usecase/version_interactor.go:93.105,94.97 1 1
github.com/konstellation-io/kai/engine/admin-api/domain/usecase/version_interactor.go:94.97,96.3 1 0
github.com/konstellation-io/kai/engine/admin-api/domain/usecase/version_interactor.go:100.128,102.16 2 1
github.com/konstellation-io/kai/engine/admin-api/domain/usecase/version_interactor.go:102.16,104.3 1 0
github.com/konstellation-io/kai/engine/admin-api/domain/usecase/version_interactor.go:106.2,108.15 2 1
github.com/konstellation-io/kai/engine/admin-api/domain/usecase/version_interactor.go:111.91,113.2 1 0
github.com/konstellation-io/kai/engine/admin-api/domain/usecase/version_interactor.go:116.127,118.16 2 0
github.com/konstellation-io/kai/engine/admin-api/domain/usecase/version_interactor.go:118.16,120.3 1 0
github.com/konstellation-io/kai/engine/admin-api/domain/usecase/version_interactor.go:122.2,122.29 1 0
github.com/konstellation-io/kai/engine/admin-api/domain/usecase/version_interactor.go:122.29,124.3 1 0
github.com/konstellation-io/kai/engine/admin-api/domain/usecase/version_interactor.go:126.2,126.22 1 0
github.com/konstellation-io/kai/engine/admin-api/domain/usecase/version_interactor.go:129.87,132.16 2 2
github.com/konstellation-io/kai/engine/admin-api/domain/usecase/version_interactor.go:132.16,134.3 1 0
github.com/konstellation-io/kai/engine/admin-api/domain/usecase/version_interactor.go:136.2,137.16 2 2
github.com/konstellation-io/kai/engine/admin-api/domain/usecase/version_interactor.go:137.16,139.3 1 0
github.com/konstellation-io/kai/engine/admin-api/domain/usecase/version_interactor.go:141.2,143.21 2 2
github.com/konstellation-io/kai/engine/admin-api/domain/usecase/version_interactor.go:152.50,153.99 1 2
github.com/konstellation-io/kai/engine/admin-api/domain/usecase/version_interactor.go:153.99,155.3 1 0
github.com/konstellation-io/kai/engine/admin-api/domain/usecase/version_interactor.go:157.2,158.16 2 2
github.com/konstellation-io/kai/engine/admin-api/domain/usecase/version_interactor.go:158.16,160.3 1 0
github.com/konstellation-io/kai/engine/admin-api/domain/usecase/version_interactor.go:162.2,163.16 2 2
github.com/konstellation-io/kai/engine/admin-api/domain/usecase/version_interactor.go:163.16,165.3 1 0
github.com/konstellation-io/kai/engine/admin-api/domain/usecase/version_interactor.go:167.2,168.16 2 2
github.com/konstellation-io/kai/engine/admin-api/domain/usecase/version_interactor.go:168.16,170.3 1 0
github.com/konstellation-io/kai/engine/admin-api/domain/usecase/version_interactor.go:172.2,175.16 3 2
github.com/konstellation-io/kai/engine/admin-api/domain/usecase/version_interactor.go:175.16,177.3 1 0
github.com/konstellation-io/kai/engine/admin-api/domain/usecase/version_interactor.go:179.2,182.16 3 2
github.com/konstellation-io/kai/engine/admin-api/domain/usecase/version_interactor.go:182.16,184.3 1 0
github.com/konstellation-io/kai/engine/admin-api/domain/usecase/version_interactor.go:186.2,187.55 2 2
github.com/konstellation-io/kai/engine/admin-api/domain/usecase/version_interactor.go:187.55,189.3 1 0
github.com/konstellation-io/kai/engine/admin-api/domain/usecase/version_interactor.go:191.2,191.30 1 2
github.com/konstellation-io/kai/engine/admin-api/domain/usecase/version_interactor.go:191.30,193.3 1 1
github.com/konstellation-io/kai/engine/admin-api/domain/usecase/version_interactor.go:195.2,196.16 2 1
github.com/konstellation-io/kai/engine/admin-api/domain/usecase/version_interactor.go:196.16,198.3 1 0
github.com/konstellation-io/kai/engine/admin-api/domain/usecase/version_interactor.go:200.2,204.9 4 1
github.com/konstellation-io/kai/engine/admin-api/domain/usecase/version_interactor.go:204.9,207.3 1 0
github.com/konstellation-io/kai/engine/admin-api/domain/usecase/version_interactor.go:209.2,220.16 2 1
github.com/konstellation-io/kai/engine/admin-api/domain/usecase/version_interactor.go:220.16,222.3 1 0
github.com/konstellation-io/kai/engine/admin-api/domain/usecase/version_interactor.go:224.2,230.44 4 1
github.com/konstellation-io/kai/engine/admin-api/domain/usecase/version_interactor.go:241.3,246.15 3 1
github.com/konstellation-io/kai/engine/admin-api/domain/usecase/version_interactor.go:246.15,248.17 2 1
github.com/konstellation-io/kai/engine/admin-api/domain/usecase/version_interactor.go:248.17,251.4 2 0
github.com/konstellation-io/kai/engine/admin-api/domain/usecase/version_interactor.go:253.3,254.17 2 1
github.com/konstellation-io/kai/engine/admin-api/domain/usecase/version_interactor.go:254.17,256.4 1 0
github.com/konstellation-io/kai/engine/admin-api/domain/usecase/version_interactor.go:259.2,260.28 2 1
github.com/konstellation-io/kai/engine/admin-api/domain/usecase/version_interactor.go:260.28,264.3 2 0
github.com/konstellation-io/kai/engine/admin-api/domain/usecase/version_interactor.go:266.2,273.16 6 1
github.com/konstellation-io/kai/engine/admin-api/domain/usecase/version_interactor.go:273.16,277.3 2 0
github.com/konstellation-io/kai/engine/admin-api/domain/usecase/version_interactor.go:279.2,279.28 1 1
github.com/konstellation-io/kai/engine/admin-api/domain/usecase/version_interactor.go:279.28,282.3 2 0
github.com/konstellation-io/kai/engine/admin-api/domain/usecase/version_interactor.go:284.2,285.16 2 1
github.com/konstellation-io/kai/engine/admin-api/domain/usecase/version_interactor.go:285.16,288.3 2 0
github.com/konstellation-io/kai/engine/admin-api/domain/usecase/version_interactor.go:291.2,295.16 4 1
github.com/konstellation-io/kai/engine/admin-api/domain/usecase/version_interactor.go:295.16,297.3 1 0
github.com/konstellation-io/kai/engine/admin-api/domain/usecase/version_interactor.go:306.11,307.64 1 1
github.com/konstellation-io/kai/engine/admin-api/domain/usecase/version_interactor.go:307.64,309.17 2 1
github.com/konstellation-io/kai/engine/admin-api/domain/usecase/version_interactor.go:309.17,313.4 2 0
github.com/konstellation-io/kai/engine/admin-api/domain/usecase/version_interactor.go:316.2,316.22 1 1
github.com/konstellation-io/kai/engine/admin-api/domain/usecase/version_interactor.go:324.11,325.70 1 1
github.com/konstellation-io/kai/engine/admin-api/domain/usecase/version_interactor.go:325.70,327.17 2 0
github.com/konstellation-io/kai/engine/admin-api/domain/usecase/version_interactor.go:327.17,331.4 2 0
github.com/konstellation-io/kai/engine/admin-api/domain/usecase/version_interactor.go:333.3,334.17 2 0
github.com/konstellation-io/kai/engine/admin-api/domain/usecase/version_interactor.go:334.17,338.4 2 0
github.com/konstellation-io/kai/engine/admin-api/domain/usecase/version_interactor.go:339.8,341.3 1 1
github.com/konstellation-io/kai/engine/admin-api/domain/usecase/version_interactor.go:343.2,343.22 1 1
github.com/konstellation-io/kai/engine/admin-api/domain/usecase/version_interactor.go:346.92,348.32 2 1
github.com/konstellation-io/kai/engine/admin-api/domain/usecase/version_interactor.go:348.32,351.3 1 0
github.com/konstellation-io/kai/engine/admin-api/domain/usecase/version_interactor.go:353.2,353.37 1 1
github.com/konstellation-io/kai/engine/admin-api/domain/usecase/version_interactor.go:353.37,356.24 2 1
github.com/konstellation-io/kai/engine/admin-api/domain/usecase/version_interactor.go:356.24,359.4 1 0
github.com/konstellation-io/kai/engine/admin-api/domain/usecase/version_interactor.go:361.3,361.32 1 1
github.com/konstellation-io/kai/engine/admin-api/domain/usecase/version_interactor.go:361.32,363.26 2 5
github.com/konstellation-io/kai/engine/admin-api/domain/usecase/version_interactor.go:363.26,365.5 1 0
github.com/konstellation-io/kai/engine/admin-api/domain/usecase/version_interactor.go:367.4,377.31 2 5
github.com/konstellation-io/kai/engine/admin-api/domain/usecase/version_interactor.go:377.31,378.37 1 0
github.com/konstellation-io/kai/engine/admin-api/domain/usecase/version_interactor.go:378.37,380.6 1 0
github.com/konstellation-io/kai/engine/admin-api/domain/usecase/version_interactor.go:382.5,385.6 1 0
github.com/konstellation-io/kai/engine/admin-api/domain/usecase/version_interactor.go:388.4,388.39 1 5
github.com/konstellation-io/kai/engine/admin-api/domain/usecase/version_interactor.go:391.3,397.5 1 1
github.com/konstellation-io/kai/engine/admin-api/domain/usecase/version_interactor.go:400.2,400.23 1 1
github.com/konstellation-io/kai/engine/admin-api/domain/usecase/version_interactor.go:410.50,411.98 1 0
github.com/konstellation-io/kai/engine/admin-api/domain/usecase/version_interactor.go:411.98,413.3 1 0
github.com/konstellation-io/kai/engine/admin-api/domain/usecase/version_interactor.go:415.2,418.16 3 0
github.com/konstellation-io/kai/engine/admin-api/domain/usecase/version_interactor.go:418.16,420.3 1 0
github.com/konstellation-io/kai/engine/admin-api/domain/usecase/version_interactor.go:422.2,422.23 1 0
github.com/konstellation-io/kai/engine/admin-api/domain/usecase/version_interactor.go:422.23,424.3 1 0
github.com/konstellation-io/kai/engine/admin-api/domain/usecase/version_interactor.go:426.2,426.25 1 0
github.com/konstellation-io/kai/engine/admin-api/domain/usecase/version_interactor.go:426.25,428.3 1 0
github.com/konstellation-io/kai/engine/admin-api/domain/usecase/version_interactor.go:430.2,433.16 3 0
github.com/konstellation-io/kai/engine/admin-api/domain/usecase/version_interactor.go:433.16,435.3 1 0
github.com/konstellation-io/kai/engine/admin-api/domain/usecase/version_interactor.go:438.2,442.16 4 0
github.com/konstellation-io/kai/engine/admin-api/domain/usecase/version_interactor.go:442.16,444.3 1 0
github.com/konstellation-io/kai/engine/admin-api/domain/usecase/version_interactor.go:446.2,447.16 2 0
github.com/konstellation-io/kai/engine/admin-api/domain/usecase/version_interactor.go:447.16,449.3 1 0
github.com/konstellation-io/kai/engine/admin-api/domain/usecase/version_interactor.go:451.2,452.16 2 0
github.com/konstellation-io/kai/engine/admin-api/domain/usecase/version_interactor.go:452.16,454.3 1 0
github.com/konstellation-io/kai/engine/admin-api/domain/usecase/version_interactor.go:456.2,457.16 2 0
github.com/konstellation-io/kai/engine/admin-api/domain/usecase/version_interactor.go:457.16,459.3 1 0
github.com/konstellation-io/kai/engine/admin-api/domain/usecase/version_interactor.go:461.2,465.31 3 0
github.com/konstellation-io/kai/engine/admin-api/domain/usecase/version_interactor.go:475.50,476.98 1 0
github.com/konstellation-io/kai/engine/admin-api/domain/usecase/version_interactor.go:476.98,478.3 1 0
github.com/konstellation-io/kai/engine/admin-api/domain/usecase/version_interactor.go:480.2,483.16 3 0
github.com/konstellation-io/kai/engine/admin-api/domain/usecase/version_interactor.go:483.16,485.3 1 0
github.com/konstellation-io/kai/engine/admin-api/domain/usecase/version_interactor.go:487.2,487.23 1 0
github.com/konstellation-io/kai/engine/admin-api/domain/usecase/version_interactor.go:487.23,489.3 1 0
github.com/konstellation-io/kai/engine/admin-api/domain/usecase/version_interactor.go:491.2,492.16 2 0
github.com/konstellation-io/kai/engine/admin-api/domain/usecase/version_interactor.go:492.16,494.3 1 0
github.com/konstellation-io/kai/engine/admin-api/domain/usecase/version_interactor.go:496.2,503.16 5 0
github.com/konstellation-io/kai/engine/admin-api/domain/usecase/version_interactor.go:503.16,505.3 1 0
github.com/konstellation-io/kai/engine/admin-api/domain/usecase/version_interactor.go:507.2,508.16 2 0
github.com/konstellation-io/kai/engine/admin-api/domain/usecase/version_interactor.go:508.16,510.3 1 0
github.com/konstellation-io/kai/engine/admin-api/domain/usecase/version_interactor.go:512.2,513.16 2 0
github.com/konstellation-io/kai/engine/admin-api/domain/usecase/version_interactor.go:513.16,515.3 1 0
github.com/konstellation-io/kai/engine/admin-api/domain/usecase/version_interactor.go:517.2,519.31 2 0
github.com/konstellation-io/kai/engine/admin-api/domain/usecase/version_interactor.go:527.3,530.15 2 0
github.com/konstellation-io/kai/engine/admin-api/domain/usecase/version_interactor.go:530.15,534.3 3 0
github.com/konstellation-io/kai/engine/admin-api/domain/usecase/version_interactor.go:536.2,537.16 2 0
github.com/konstellation-io/kai/engine/admin-api/domain/usecase/version_interactor.go:537.16,539.3 1 0
github.com/konstellation-io/kai/engine/admin-api/domain/usecase/version_interactor.go:541.2,542.16 2 0
github.com/konstellation-io/kai/engine/admin-api/domain/usecase/version_interactor.go:542.16,544.3 1 0
github.com/konstellation-io/kai/engine/admin-api/domain/usecase/version_interactor.go:546.2,548.84 3 0
github.com/konstellation-io/kai/engine/admin-api/domain/usecase/version_interactor.go:555.3,558.15 2 0
github.com/konstellation-io/kai/engine/admin-api/domain/usecase/version_interactor.go:558.15,562.3 3 0
github.com/konstellation-io/kai/engine/admin-api/domain/usecase/version_interactor.go:564.2,565.16 2 0
github.com/konstellation-io/kai/engine/admin-api/domain/usecase/version_interactor.go:565.16,567.3 1 0
github.com/konstellation-io/kai/engine/admin-api/domain/usecase/version_interactor.go:569.2,570.16 2 0
github.com/konstellation-io/kai/engine/admin-api/domain/usecase/version_interactor.go:570.16,572.3 1 0
github.com/konstellation-io/kai/engine/admin-api/domain/usecase/version_interactor.go:574.2,576.83 3 0
github.com/konstellation-io/kai/engine/admin-api/domain/usecase/version_interactor.go:586.28,587.100 1 0
github.com/konstellation-io/kai/engine/admin-api/domain/usecase/version_interactor.go:587.100,589.3 1 0
github.com/konstellation-io/kai/engine/admin-api/domain/usecase/version_interactor.go:591.2,594.16 3 0
github.com/konstellation-io/kai/engine/admin-api/domain/usecase/version_interactor.go:594.16,596.3 1 0
github.com/konstellation-io/kai/engine/admin-api/domain/usecase/version_interactor.go:598.2,598.45 1 0
github.com/konstellation-io/kai/engine/admin-api/domain/usecase/version_interactor.go:598.45,600.3 1 0
github.com/konstellation-io/kai/engine/admin-api/domain/usecase/version_interactor.go:602.2,603.16 2 0
github.com/konstellation-io/kai/engine/admin-api/domain/usecase/version_interactor.go:603.16,605.3 1 0
github.com/konstellation-io/kai/engine/admin-api/domain/usecase/version_interactor.go:607.2,608.16 2 0
github.com/konstellation-io/kai/engine/admin-api/domain/usecase/version_interactor.go:608.16,610.3 1 0
github.com/konstellation-io/kai/engine/admin-api/domain/usecase/version_interactor.go:612.2,618.16 6 0
github.com/konstellation-io/kai/engine/admin-api/domain/usecase/version_interactor.go:618.16,620.3 1 0
github.com/konstellation-io/kai/engine/admin-api/domain/usecase/version_interactor.go:622.2,623.16 2 0
github.com/konstellation-io/kai/engine/admin-api/domain/usecase/version_interactor.go:623.16,625.3 1 0
github.com/konstellation-io/kai/engine/admin-api/domain/usecase/version_interactor.go:627.2,627.15 1 0
github.com/konstellation-io/kai/engine/admin-api/domain/usecase/version_interactor.go:637.28,638.102 1 0
github.com/konstellation-io/kai/engine/admin-api/domain/usecase/version_interactor.go:638.102,640.3 1 0
github.com/konstellation-io/kai/engine/admin-api/domain/usecase/version_interactor.go:642.2,645.16 3 0
github.com/konstellation-io/kai/engine/admin-api/domain/usecase/version_interactor.go:645.16,647.3 1 0
github.com/konstellation-io/kai/engine/admin-api/domain/usecase/version_interactor.go:649.2,649.47 1 0
github.com/konstellation-io/kai/engine/admin-api/domain/usecase/version_interactor.go:649.47,651.3 1 0
github.com/konstellation-io/kai/engine/admin-api/domain/usecase/version_interactor.go:653.2,654.16 2 0
github.com/konstellation-io/kai/engine/admin-api/domain/usecase/version_interactor.go:654.16,656.3 1 0
github.com/konstellation-io/kai/engine/admin-api/domain/usecase/version_interactor.go:658.2,663.16 5 0
github.com/konstellation-io/kai/engine/admin-api/domain/usecase/version_interactor.go:663.16,665.3 1 0
github.com/konstellation-io/kai/engine/admin-api/domain/usecase/version_interactor.go:667.2,668.16 2 0
github.com/konstellation-io/kai/engine/admin-api/domain/usecase/version_interactor.go:668.16,670.3 1 0
github.com/konstellation-io/kai/engine/admin-api/domain/usecase/version_interactor.go:672.2,672.15 1 0
github.com/konstellation-io/kai/engine/admin-api/domain/usecase/version_interactor.go:681.28,682.97 1 0
github.com/konstellation-io/kai/engine/admin-api/domain/usecase/version_interactor.go:682.97,684.3 1 0
github.com/konstellation-io/kai/engine/admin-api/domain/usecase/version_interactor.go:686.2,687.16 2 0
github.com/konstellation-io/kai/engine/admin-api/domain/usecase/version_interactor.go:687.16,689.3 1 0
github.com/konstellation-io/kai/engine/admin-api/domain/usecase/version_interactor.go:691.2,695.39 3 0
github.com/konstellation-io/kai/engine/admin-api/domain/usecase/version_interactor.go:695.39,697.3 1 0
github.com/konstellation-io/kai/engine/admin-api/domain/usecase/version_interactor.go:699.2,703.15 3 0
github.com/konstellation-io/kai/engine/admin-api/domain/usecase/version_interactor.go:703.15,705.17 2 0
github.com/konstellation-io/kai/engine/admin-api/domain/usecase/version_interactor.go:705.17,707.4 1 0
github.com/konstellation-io/kai/engine/admin-api/domain/usecase/version_interactor.go:710.2,711.16 2 0
github.com/konstellation-io/kai/engine/admin-api/domain/usecase/version_interactor.go:711.16,713.3 1 0
github.com/konstellation-io/kai/engine/admin-api/domain/usecase/version_interactor.go:715.2,715.17 1 0
github.com/konstellation-io/kai/engine/admin-api/domain/usecase/version_interactor.go:723.32,724.97 1 0
github.com/konstellation-io/kai/engine/admin-api/domain/usecase/version_interactor.go:724.97,726.3 1 0
github.com/konstellation-io/kai/engine/admin-api/domain/usecase/version_interactor.go:728.2,729.16 2 0
github.com/konstellation-io/kai/engine/admin-api/domain/usecase/version_interactor.go:729.16,731.3 1 0
github.com/konstellation-io/kai/engine/admin-api/domain/usecase/version_interactor.go:733.2,733.65 1 0
github.com/konstellation-io/kai/engine/admin-api/domain/usecase/version_interactor.go:742.35,743.97 1 0
github.com/konstellation-io/kai/engine/admin-api/domain/usecase/version_interactor.go:743.97,745.3 1 0
github.com/konstellation-io/kai/engine/admin-api/domain/usecase/version_interactor.go:747.2,747.74 1 0
github.com/konstellation-io/kai/engine/admin-api/domain/usecase/version_interactor.go:756.37,757.97 1 0
github.com/konstellation-io/kai/engine/admin-api/domain/usecase/version_interactor.go:757.97,759.3 1 0
github.com/konstellation-io/kai/engine/admin-api/domain/usecase/version_interactor.go:761.2,762.16 2 0
github.com/konstellation-io/kai/engine/admin-api/domain/usecase/version_interactor.go:762.16,764.3 1 0
github.com/konstellation-io/kai/engine/admin-api/domain/usecase/version_interactor.go:766.2,767.28 2 0
github.com/konstellation-io/kai/engine/admin-api/domain/usecase/version_interactor.go:767.28,769.17 2 0
github.com/konstellation-io/kai/engine/admin-api/domain/usecase/version_interactor.go:769.17,771.4 1 0
github.com/konstellation-io/kai/engine/admin-api/domain/usecase/version_interactor.go:772.8,774.3 1 0
github.com/konstellation-io/kai/engine/admin-api/domain/usecase/version_interactor.go:776.2,787.63 2 0
github.com/konstellation-io/kai/engine/admin-api/domain/usecase/version_interactor.go:796.3,798.29 2 0
github.com/konstellation-io/kai/engine/admin-api/domain/usecase/version_interactor.go:798.29,800.3 1 0
github.com/konstellation-io/kai/engine/admin-api/domain/usecase/version_interactor.go:802.2,806.16 3 0
github.com/konstellation-io/kai/engine/admin-api/domain/usecase/version_interactor.go:806.16,808.3 1 0
github.com/konstellation-io/kai/engine/admin-api/domain/usecase/version_interactor.go:810.2,810.30 1 0
