mode: set
github.com/konstellation-io/kai/engine/admin-api/adapter/service/chronograf.go:36.103,40.2 2 0
github.com/konstellation-io/kai/engine/admin-api/adapter/service/chronograf.go:42.98,46.16 3 0
github.com/konstellation-io/kai/engine/admin-api/adapter/service/chronograf.go:46.16,48.3 1 0
github.com/konstellation-io/kai/engine/admin-api/adapter/service/chronograf.go:49.2,52.16 3 0
github.com/konstellation-io/kai/engine/admin-api/adapter/service/chronograf.go:52.16,54.3 1 0
github.com/konstellation-io/kai/engine/admin-api/adapter/service/chronograf.go:56.2,59.16 3 0
github.com/konstellation-io/kai/engine/admin-api/adapter/service/chronograf.go:59.16,61.3 1 0
github.com/konstellation-io/kai/engine/admin-api/adapter/service/chronograf.go:63.2,66.16 3 0
github.com/konstellation-io/kai/engine/admin-api/adapter/service/chronograf.go:66.16,68.3 1 0
github.com/konstellation-io/kai/engine/admin-api/adapter/service/chronograf.go:70.2,77.16 4 0
github.com/konstellation-io/kai/engine/admin-api/adapter/service/chronograf.go:77.16,79.3 1 0
github.com/konstellation-io/kai/engine/admin-api/adapter/service/chronograf.go:82.2,84.16 2 0
github.com/konstellation-io/kai/engine/admin-api/adapter/service/chronograf.go:84.16,86.3 1 0
github.com/konstellation-io/kai/engine/admin-api/adapter/service/chronograf.go:88.2,88.42 1 0
github.com/konstellation-io/kai/engine/admin-api/adapter/service/chronograf.go:88.42,91.3 1 0
github.com/konstellation-io/kai/engine/admin-api/adapter/service/chronograf.go:93.2,93.12 1 0
github.com/konstellation-io/kai/engine/admin-api/adapter/service/gocloak.go:27.54,30.2 2 1
github.com/konstellation-io/kai/engine/admin-api/adapter/service/gocloak.go:35.28,46.16 4 1
github.com/konstellation-io/kai/engine/admin-api/adapter/service/gocloak.go:46.16,48.3 1 0
github.com/konstellation-io/kai/engine/admin-api/adapter/service/gocloak.go:50.2,55.8 1 1
github.com/konstellation-io/kai/engine/admin-api/adapter/service/gocloak.go:58.98,62.16 3 1
github.com/konstellation-io/kai/engine/admin-api/adapter/service/gocloak.go:62.16,64.3 1 0
github.com/konstellation-io/kai/engine/admin-api/adapter/service/gocloak.go:66.2,66.28 1 1
github.com/konstellation-io/kai/engine/admin-api/adapter/service/gocloak.go:66.28,68.3 1 1
github.com/konstellation-io/kai/engine/admin-api/adapter/service/gocloak.go:70.2,71.9 2 1
github.com/konstellation-io/kai/engine/admin-api/adapter/service/gocloak.go:71.9,73.3 1 1
github.com/konstellation-io/kai/engine/admin-api/adapter/service/gocloak.go:75.2,78.29 3 1
github.com/konstellation-io/kai/engine/admin-api/adapter/service/gocloak.go:78.29,80.3 1 1
github.com/konstellation-io/kai/engine/admin-api/adapter/service/gocloak.go:82.2,82.87 1 1
github.com/konstellation-io/kai/engine/admin-api/adapter/service/gocloak.go:82.87,84.3 1 0
github.com/konstellation-io/kai/engine/admin-api/adapter/service/gocloak.go:86.2,86.22 1 1
github.com/konstellation-io/kai/engine/admin-api/adapter/service/gocloak.go:86.22,88.3 1 1
github.com/konstellation-io/kai/engine/admin-api/adapter/service/gocloak.go:88.8,90.3 1 1
github.com/konstellation-io/kai/engine/admin-api/adapter/service/gocloak.go:92.2,93.16 2 1
github.com/konstellation-io/kai/engine/admin-api/adapter/service/gocloak.go:93.16,95.3 1 0
github.com/konstellation-io/kai/engine/admin-api/adapter/service/gocloak.go:97.2,102.16 4 1
github.com/konstellation-io/kai/engine/admin-api/adapter/service/gocloak.go:102.16,104.3 1 0
github.com/konstellation-io/kai/engine/admin-api/adapter/service/gocloak.go:106.2,106.12 1 1
github.com/konstellation-io/kai/engine/admin-api/adapter/service/nats.go:24.98,27.16 2 0
github.com/konstellation-io/kai/engine/admin-api/adapter/service/nats.go:27.16,29.3 1 0
github.com/konstellation-io/kai/engine/admin-api/adapter/service/nats.go:31.2,37.8 2 0
github.com/konstellation-io/kai/engine/admin-api/adapter/service/nats.go:45.41,47.16 2 0
github.com/konstellation-io/kai/engine/admin-api/adapter/service/nats.go:47.16,49.3 1 0
github.com/konstellation-io/kai/engine/admin-api/adapter/service/nats.go:51.2,58.16 3 0
github.com/konstellation-io/kai/engine/admin-api/adapter/service/nats.go:58.16,60.3 1 0
github.com/konstellation-io/kai/engine/admin-api/adapter/service/nats.go:62.2,62.55 1 0
github.com/konstellation-io/kai/engine/admin-api/adapter/service/nats.go:70.46,72.16 2 0
github.com/konstellation-io/kai/engine/admin-api/adapter/service/nats.go:72.16,74.3 1 0
github.com/konstellation-io/kai/engine/admin-api/adapter/service/nats.go:76.2,83.16 3 0
github.com/konstellation-io/kai/engine/admin-api/adapter/service/nats.go:83.16,85.3 1 0
github.com/konstellation-io/kai/engine/admin-api/adapter/service/nats.go:87.2,87.60 1 0
github.com/konstellation-io/kai/engine/admin-api/adapter/service/nats.go:95.41,97.16 2 0
github.com/konstellation-io/kai/engine/admin-api/adapter/service/nats.go:97.16,99.3 1 0
github.com/konstellation-io/kai/engine/admin-api/adapter/service/nats.go:101.2,108.16 3 0
github.com/konstellation-io/kai/engine/admin-api/adapter/service/nats.go:108.16,110.3 1 0
github.com/konstellation-io/kai/engine/admin-api/adapter/service/nats.go:112.2,112.81 1 0
github.com/konstellation-io/kai/engine/admin-api/adapter/service/nats.go:116.101,123.16 3 0
github.com/konstellation-io/kai/engine/admin-api/adapter/service/nats.go:123.16,125.3 1 0
github.com/konstellation-io/kai/engine/admin-api/adapter/service/nats.go:127.2,127.12 1 0
github.com/konstellation-io/kai/engine/admin-api/adapter/service/nats.go:131.106,138.16 3 0
github.com/konstellation-io/kai/engine/admin-api/adapter/service/nats.go:138.16,140.3 1 0
github.com/konstellation-io/kai/engine/admin-api/adapter/service/nats.go:142.2,142.12 1 0
github.com/konstellation-io/kai/engine/admin-api/adapter/service/nats.go:145.106,148.38 2 0
github.com/konstellation-io/kai/engine/admin-api/adapter/service/nats.go:148.38,151.32 2 0
github.com/konstellation-io/kai/engine/admin-api/adapter/service/nats.go:151.32,157.31 2 0
github.com/konstellation-io/kai/engine/admin-api/adapter/service/nats.go:157.31,159.19 2 0
github.com/konstellation-io/kai/engine/admin-api/adapter/service/nats.go:159.19,161.6 1 0
github.com/konstellation-io/kai/engine/admin-api/adapter/service/nats.go:163.5,166.6 1 0
github.com/konstellation-io/kai/engine/admin-api/adapter/service/nats.go:169.4,169.40 1 0
github.com/konstellation-io/kai/engine/admin-api/adapter/service/nats.go:172.3,176.5 1 0
github.com/konstellation-io/kai/engine/admin-api/adapter/service/nats.go:179.2,179.23 1 0
github.com/konstellation-io/kai/engine/admin-api/adapter/service/nats.go:184.32,186.45 2 0
github.com/konstellation-io/kai/engine/admin-api/adapter/service/nats.go:186.45,192.3 1 0
github.com/konstellation-io/kai/engine/admin-api/adapter/service/nats.go:194.2,196.3 1 0
github.com/konstellation-io/kai/engine/admin-api/adapter/service/nats.go:201.39,204.38 2 0
github.com/konstellation-io/kai/engine/admin-api/adapter/service/nats.go:204.38,209.3 1 0
github.com/konstellation-io/kai/engine/admin-api/adapter/service/nats.go:211.2,211.23 1 0
github.com/konstellation-io/kai/engine/admin-api/adapter/service/nats.go:216.37,219.47 2 0
github.com/konstellation-io/kai/engine/admin-api/adapter/service/nats.go:219.47,221.3 1 0
github.com/konstellation-io/kai/engine/admin-api/adapter/service/nats.go:223.2,225.3 1 0
github.com/konstellation-io/kai/engine/admin-api/adapter/service/nats.go:231.32,234.46 2 0
github.com/konstellation-io/kai/engine/admin-api/adapter/service/nats.go:234.46,239.3 1 0
github.com/konstellation-io/kai/engine/admin-api/adapter/service/nats.go:241.2,244.3 1 0
github.com/konstellation-io/kai/engine/admin-api/adapter/service/nats.go:247.78,248.15 1 0
github.com/konstellation-io/kai/engine/admin-api/adapter/service/nats.go:249.17,250.52 1 0
github.com/konstellation-io/kai/engine/admin-api/adapter/service/nats.go:251.18,252.53 1 0
github.com/konstellation-io/kai/engine/admin-api/adapter/service/nats.go:253.10,255.90 1 0
github.com/konstellation-io/kai/engine/admin-api/adapter/service/version.go:26.96,30.16 3 0
github.com/konstellation-io/kai/engine/admin-api/adapter/service/version.go:30.16,32.3 1 0
github.com/konstellation-io/kai/engine/admin-api/adapter/service/version.go:34.2,38.8 1 0
github.com/konstellation-io/kai/engine/admin-api/adapter/service/version.go:47.9,51.16 3 0
github.com/konstellation-io/kai/engine/admin-api/adapter/service/version.go:51.16,53.3 1 0
github.com/konstellation-io/kai/engine/admin-api/adapter/service/version.go:55.2,74.12 3 0
github.com/konstellation-io/kai/engine/admin-api/adapter/service/version.go:77.103,80.38 2 0
github.com/konstellation-io/kai/engine/admin-api/adapter/service/version.go:80.38,82.3 1 0
github.com/konstellation-io/kai/engine/admin-api/adapter/service/version.go:84.2,91.16 3 0
github.com/konstellation-io/kai/engine/admin-api/adapter/service/version.go:91.16,93.3 1 0
github.com/konstellation-io/kai/engine/admin-api/adapter/service/version.go:95.2,95.12 1 0
github.com/konstellation-io/kai/engine/admin-api/adapter/service/version.go:98.90,113.2 6 0
github.com/konstellation-io/kai/engine/admin-api/adapter/service/version.go:115.87,127.2 5 0
github.com/konstellation-io/kai/engine/admin-api/adapter/service/version.go:129.85,141.2 5 0
github.com/konstellation-io/kai/engine/admin-api/adapter/service/version.go:143.67,146.40 2 0
github.com/konstellation-io/kai/engine/admin-api/adapter/service/version.go:146.40,151.3 1 0
github.com/konstellation-io/kai/engine/admin-api/adapter/service/version.go:153.2,153.19 1 0
github.com/konstellation-io/kai/engine/admin-api/adapter/service/version.go:156.118,159.38 2 0
github.com/konstellation-io/kai/engine/admin-api/adapter/service/version.go:159.38,162.17 2 0
github.com/konstellation-io/kai/engine/admin-api/adapter/service/version.go:162.17,164.4 1 0
github.com/konstellation-io/kai/engine/admin-api/adapter/service/version.go:166.3,168.17 2 0
github.com/konstellation-io/kai/engine/admin-api/adapter/service/version.go:168.17,170.4 1 0
github.com/konstellation-io/kai/engine/admin-api/adapter/service/version.go:172.3,174.29 2 0
github.com/konstellation-io/kai/engine/admin-api/adapter/service/version.go:174.29,176.18 2 0
github.com/konstellation-io/kai/engine/admin-api/adapter/service/version.go:176.18,178.5 1 0
github.com/konstellation-io/kai/engine/admin-api/adapter/service/version.go:180.4,181.18 2 0
github.com/konstellation-io/kai/engine/admin-api/adapter/service/version.go:181.18,183.5 1 0
github.com/konstellation-io/kai/engine/admin-api/adapter/service/version.go:185.4,185.18 1 0
github.com/konstellation-io/kai/engine/admin-api/adapter/service/version.go:185.18,187.5 1 0
github.com/konstellation-io/kai/engine/admin-api/adapter/service/version.go:189.4,200.5 1 0
github.com/konstellation-io/kai/engine/admin-api/adapter/service/version.go:203.3,214.4 1 0
github.com/konstellation-io/kai/engine/admin-api/adapter/service/version.go:217.2,217.16 1 0
github.com/konstellation-io/kai/engine/admin-api/adapter/service/version.go:220.125,225.16 2 0
github.com/konstellation-io/kai/engine/admin-api/adapter/service/version.go:225.16,227.3 1 0
github.com/konstellation-io/kai/engine/admin-api/adapter/service/version.go:229.2,231.12 2 0
github.com/konstellation-io/kai/engine/admin-api/adapter/service/version.go:231.12,234.7 2 0
github.com/konstellation-io/kai/engine/admin-api/adapter/service/version.go:234.7,239.59 3 0
github.com/konstellation-io/kai/engine/admin-api/adapter/service/version.go:239.59,242.5 2 0
github.com/konstellation-io/kai/engine/admin-api/adapter/service/version.go:244.4,244.30 1 0
github.com/konstellation-io/kai/engine/admin-api/adapter/service/version.go:244.30,247.5 2 0
github.com/konstellation-io/kai/engine/admin-api/adapter/service/version.go:249.4,249.18 1 0
github.com/konstellation-io/kai/engine/admin-api/adapter/service/version.go:249.18,252.5 2 0
github.com/konstellation-io/kai/engine/admin-api/adapter/service/version.go:254.4,257.25 3 0
github.com/konstellation-io/kai/engine/admin-api/adapter/service/version.go:257.25,259.13 2 0
github.com/konstellation-io/kai/engine/admin-api/adapter/service/version.go:262.4,266.5 1 0
github.com/konstellation-io/kai/engine/admin-api/adapter/service/version.go:270.2,270.16 1 0
