mode: set
github.com/konstellation-io/kai/engine/k8s-manager/internal/application/usecase/starter.go:17.98,22.2 1 1
github.com/konstellation-io/kai/engine/k8s-manager/internal/application/usecase/starter.go:24.90,28.16 3 1
github.com/konstellation-io/kai/engine/k8s-manager/internal/application/usecase/starter.go:28.16,30.3 1 1
github.com/konstellation-io/kai/engine/k8s-manager/internal/application/usecase/starter.go:32.2,32.45 1 1
github.com/konstellation-io/kai/engine/k8s-manager/internal/application/usecase/starter.go:32.45,33.46 1 1
github.com/konstellation-io/kai/engine/k8s-manager/internal/application/usecase/starter.go:33.46,41.18 2 1
github.com/konstellation-io/kai/engine/k8s-manager/internal/application/usecase/starter.go:41.18,43.5 1 1
github.com/konstellation-io/kai/engine/k8s-manager/internal/application/usecase/starter.go:45.4,45.56 1 1
github.com/konstellation-io/kai/engine/k8s-manager/internal/application/usecase/starter.go:45.56,52.19 2 1
github.com/konstellation-io/kai/engine/k8s-manager/internal/application/usecase/starter.go:52.19,54.6 1 1
github.com/konstellation-io/kai/engine/k8s-manager/internal/application/usecase/starter.go:59.2,59.12 1 1
github.com/konstellation-io/kai/engine/k8s-manager/internal/application/usecase/stopper.go:22.103,27.2 1 1
github.com/konstellation-io/kai/engine/k8s-manager/internal/application/usecase/stopper.go:29.84,36.86 5 1
github.com/konstellation-io/kai/engine/k8s-manager/internal/application/usecase/stopper.go:36.86,38.3 1 1
github.com/konstellation-io/kai/engine/k8s-manager/internal/application/usecase/stopper.go:40.2,40.80 1 1
github.com/konstellation-io/kai/engine/k8s-manager/internal/application/usecase/stopper.go:40.80,42.3 1 1
github.com/konstellation-io/kai/engine/k8s-manager/internal/application/usecase/stopper.go:44.2,44.82 1 1
github.com/konstellation-io/kai/engine/k8s-manager/internal/application/usecase/stopper.go:44.82,46.3 1 1
github.com/konstellation-io/kai/engine/k8s-manager/internal/application/usecase/stopper.go:48.2,48.13 1 1
github.com/konstellation-io/kai/engine/k8s-manager/internal/infrastructure/config/viper.go:19.40,29.16 8 1
github.com/konstellation-io/kai/engine/k8s-manager/internal/infrastructure/config/viper.go:29.16,31.3 1 0
github.com/konstellation-io/kai/engine/k8s-manager/internal/infrastructure/config/viper.go:33.2,42.12 6 1
github.com/konstellation-io/kai/engine/k8s-manager/internal/infrastructure/config/viper.go:45.25,55.2 8 1
github.com/konstellation-io/kai/engine/k8s-manager/internal/domain/process.go:19.36,21.2 1 1
github.com/konstellation-io/kai/engine/k8s-manager/internal/domain/process.go:38.40,39.11 1 1
github.com/konstellation-io/kai/engine/k8s-manager/internal/domain/process.go:40.26,41.19 1 1
github.com/konstellation-io/kai/engine/k8s-manager/internal/domain/process.go:42.23,43.16 1 1
github.com/konstellation-io/kai/engine/k8s-manager/internal/domain/process.go:44.23,45.16 1 1
github.com/konstellation-io/kai/engine/k8s-manager/internal/domain/process.go:46.10,47.19 1 1
github.com/konstellation-io/kai/engine/k8s-manager/internal/domain/version.go:18.45,20.32 2 1
github.com/konstellation-io/kai/engine/k8s-manager/internal/domain/version.go:20.32,22.3 1 1
github.com/konstellation-io/kai/engine/k8s-manager/internal/domain/version.go:24.2,24.15 1 1
github.com/konstellation-io/kai/engine/k8s-manager/internal/infrastructure/kube/configuration/configmap.go:11.94,27.2 3 1
github.com/konstellation-io/kai/engine/k8s-manager/internal/infrastructure/kube/configuration/configmap.go:29.45,79.2 1 1
github.com/konstellation-io/kai/engine/k8s-manager/internal/infrastructure/kube/configuration/configmap.go:81.67,84.33 2 1
github.com/konstellation-io/kai/engine/k8s-manager/internal/infrastructure/kube/configuration/configmap.go:84.33,85.32 1 1
github.com/konstellation-io/kai/engine/k8s-manager/internal/infrastructure/kube/configuration/configmap.go:85.32,87.4 1 1
github.com/konstellation-io/kai/engine/k8s-manager/internal/infrastructure/kube/configuration/configmap.go:90.2,90.19 1 1
github.com/konstellation-io/kai/engine/k8s-manager/internal/infrastructure/kube/configuration/configuration.go:14.112,20.2 1 1
github.com/konstellation-io/kai/engine/k8s-manager/internal/infrastructure/kube/configuration/create.go:13.117,21.45 3 1
github.com/konstellation-io/kai/engine/k8s-manager/internal/infrastructure/kube/configuration/create.go:21.45,22.46 1 1
github.com/konstellation-io/kai/engine/k8s-manager/internal/infrastructure/kube/configuration/create.go:22.46,25.18 2 1
github.com/konstellation-io/kai/engine/k8s-manager/internal/infrastructure/kube/configuration/create.go:25.18,27.5 1 0
github.com/konstellation-io/kai/engine/k8s-manager/internal/infrastructure/kube/configuration/create.go:29.4,29.127 1 1
github.com/konstellation-io/kai/engine/k8s-manager/internal/infrastructure/kube/configuration/create.go:33.2,36.16 3 1
github.com/konstellation-io/kai/engine/k8s-manager/internal/infrastructure/kube/configuration/create.go:36.16,38.3 1 1
github.com/konstellation-io/kai/engine/k8s-manager/internal/infrastructure/kube/configuration/create.go:40.2,40.28 1 1
github.com/konstellation-io/kai/engine/k8s-manager/internal/infrastructure/kube/configuration/create.go:43.105,45.2 1 1
github.com/konstellation-io/kai/engine/k8s-manager/internal/infrastructure/kube/configuration/create.go:51.17,81.2 1 1
github.com/konstellation-io/kai/engine/k8s-manager/internal/infrastructure/kube/configuration/delete.go:10.101,15.16 2 1
github.com/konstellation-io/kai/engine/k8s-manager/internal/infrastructure/kube/configuration/delete.go:15.16,17.3 1 1
github.com/konstellation-io/kai/engine/k8s-manager/internal/infrastructure/kube/configuration/delete.go:19.2,19.12 1 1
github.com/konstellation-io/kai/engine/k8s-manager/internal/infrastructure/kube/network/create.go:14.100,42.2 4 1
github.com/konstellation-io/kai/engine/k8s-manager/internal/infrastructure/kube/network/create.go:44.102,52.2 1 1
github.com/konstellation-io/kai/engine/k8s-manager/internal/infrastructure/kube/network/create.go:54.89,56.2 1 1
github.com/konstellation-io/kai/engine/k8s-manager/internal/infrastructure/kube/network/delete.go:14.89,16.16 2 1
github.com/konstellation-io/kai/engine/k8s-manager/internal/infrastructure/kube/network/delete.go:16.16,18.3 1 1
github.com/konstellation-io/kai/engine/k8s-manager/internal/infrastructure/kube/network/delete.go:20.2,27.37 4 1
github.com/konstellation-io/kai/engine/k8s-manager/internal/infrastructure/kube/network/delete.go:27.37,28.27 1 1
github.com/konstellation-io/kai/engine/k8s-manager/internal/infrastructure/kube/network/delete.go:28.27,32.18 3 1
github.com/konstellation-io/kai/engine/k8s-manager/internal/infrastructure/kube/network/delete.go:32.18,34.5 1 1
github.com/konstellation-io/kai/engine/k8s-manager/internal/infrastructure/kube/network/delete.go:38.2,42.25 4 1
github.com/konstellation-io/kai/engine/k8s-manager/internal/infrastructure/kube/network/delete.go:42.25,44.3 1 1
github.com/konstellation-io/kai/engine/k8s-manager/internal/infrastructure/kube/network/delete.go:46.2,46.13 1 1
github.com/konstellation-io/kai/engine/k8s-manager/internal/infrastructure/kube/network/delete.go:49.108,53.2 1 1
github.com/konstellation-io/kai/engine/k8s-manager/internal/infrastructure/kube/network/delete.go:55.84,63.2 2 1
github.com/konstellation-io/kai/engine/k8s-manager/internal/infrastructure/kube/network/network.go:14.100,20.2 1 1
github.com/konstellation-io/kai/engine/k8s-manager/internal/infrastructure/kube/process/capabilities.go:14.77,15.19 1 1
github.com/konstellation-io/kai/engine/k8s-manager/internal/infrastructure/kube/process/capabilities.go:15.19,17.3 1 1
github.com/konstellation-io/kai/engine/k8s-manager/internal/infrastructure/kube/process/capabilities.go:19.2,21.3 1 1
github.com/konstellation-io/kai/engine/k8s-manager/internal/infrastructure/kube/process/capabilities.go:24.78,25.19 1 1
github.com/konstellation-io/kai/engine/k8s-manager/internal/infrastructure/kube/process/capabilities.go:25.19,27.3 1 1
github.com/konstellation-io/kai/engine/k8s-manager/internal/infrastructure/kube/process/capabilities.go:29.2,40.3 1 1
github.com/konstellation-io/kai/engine/k8s-manager/internal/infrastructure/kube/process/containers.go:15.86,55.31 2 1
github.com/konstellation-io/kai/engine/k8s-manager/internal/infrastructure/kube/process/containers.go:55.31,62.3 1 1
github.com/konstellation-io/kai/engine/k8s-manager/internal/infrastructure/kube/process/containers.go:64.2,64.18 1 1
github.com/konstellation-io/kai/engine/k8s-manager/internal/infrastructure/kube/process/containers.go:67.73,95.2 2 0
github.com/konstellation-io/kai/engine/k8s-manager/internal/infrastructure/kube/process/containers.go:97.64,139.2 3 1
github.com/konstellation-io/kai/engine/k8s-manager/internal/infrastructure/kube/process/containers.go:141.51,142.35 1 1
github.com/konstellation-io/kai/engine/k8s-manager/internal/infrastructure/kube/process/containers.go:143.13,144.28 1 1
github.com/konstellation-io/kai/engine/k8s-manager/internal/infrastructure/kube/process/containers.go:145.13,146.28 1 0
github.com/konstellation-io/kai/engine/k8s-manager/internal/infrastructure/kube/process/containers.go:147.14,148.29 1 0
github.com/konstellation-io/kai/engine/k8s-manager/internal/infrastructure/kube/process/containers.go:149.10,151.28 1 0
github.com/konstellation-io/kai/engine/k8s-manager/internal/infrastructure/kube/process/containers.go:155.75,159.18 3 1
github.com/konstellation-io/kai/engine/k8s-manager/internal/infrastructure/kube/process/containers.go:159.18,162.3 2 1
github.com/konstellation-io/kai/engine/k8s-manager/internal/infrastructure/kube/process/containers.go:164.2,167.3 1 1
github.com/konstellation-io/kai/engine/k8s-manager/internal/infrastructure/kube/process/create.go:26.9,41.2 3 1
github.com/konstellation-io/kai/engine/k8s-manager/internal/infrastructure/kube/process/create.go:43.102,49.49 4 1
github.com/konstellation-io/kai/engine/k8s-manager/internal/infrastructure/kube/process/create.go:49.49,53.3 1 0
github.com/konstellation-io/kai/engine/k8s-manager/internal/infrastructure/kube/process/create.go:55.2,79.3 1 1
github.com/konstellation-io/kai/engine/k8s-manager/internal/infrastructure/kube/process/create.go:82.81,90.2 1 1
github.com/konstellation-io/kai/engine/k8s-manager/internal/infrastructure/kube/process/create.go:92.98,97.2 1 1
github.com/konstellation-io/kai/engine/k8s-manager/internal/infrastructure/kube/process/create.go:102.9,106.2 2 1
github.com/konstellation-io/kai/engine/k8s-manager/internal/infrastructure/kube/process/create.go:108.82,110.2 1 1
github.com/konstellation-io/kai/engine/k8s-manager/internal/infrastructure/kube/process/delete.go:10.92,18.16 3 1
github.com/konstellation-io/kai/engine/k8s-manager/internal/infrastructure/kube/process/delete.go:18.16,20.3 1 1
github.com/konstellation-io/kai/engine/k8s-manager/internal/infrastructure/kube/process/delete.go:22.2,27.16 2 1
github.com/konstellation-io/kai/engine/k8s-manager/internal/infrastructure/kube/process/delete.go:27.16,29.3 1 1
github.com/konstellation-io/kai/engine/k8s-manager/internal/infrastructure/kube/process/delete.go:31.2,31.12 1 1
github.com/konstellation-io/kai/engine/k8s-manager/internal/infrastructure/kube/process/delete.go:34.64,42.2 3 1
github.com/konstellation-io/kai/engine/k8s-manager/internal/infrastructure/kube/process/delete.go:44.73,46.2 1 1
github.com/konstellation-io/kai/engine/k8s-manager/internal/infrastructure/kube/process/downloader.go:10.114,25.2 2 0
github.com/konstellation-io/kai/engine/k8s-manager/internal/infrastructure/kube/process/process.go:14.100,20.2 1 1
github.com/konstellation-io/kai/engine/k8s-manager/internal/infrastructure/kube/process/volumes.go:13.62,52.2 1 1
